2020-02-24 23:02:48,857 ERROR: Exception on /login [POST] [in /home/arctickey/PycharmProjects/Blog/venv/lib/python3.6/site-packages/flask/app.py:1891]
Traceback (most recent call last):
  File "/home/arctickey/PycharmProjects/Blog/venv/lib/python3.6/site-packages/flask/app.py", line 2446, in wsgi_app
    response = self.full_dispatch_request()
  File "/home/arctickey/PycharmProjects/Blog/venv/lib/python3.6/site-packages/flask/app.py", line 1952, in full_dispatch_request
    return self.finalize_request(rv)
  File "/home/arctickey/PycharmProjects/Blog/venv/lib/python3.6/site-packages/flask/app.py", line 1969, in finalize_request
    response = self.process_response(response)
  File "/home/arctickey/PycharmProjects/Blog/venv/lib/python3.6/site-packages/flask/app.py", line 2266, in process_response
    response = handler(response)
  File "/home/arctickey/PycharmProjects/Blog/venv/lib/python3.6/site-packages/flask_login/login_manager.py", line 407, in _update_remember_cookie
    self._set_cookie(response)
  File "/home/arctickey/PycharmProjects/Blog/venv/lib/python3.6/site-packages/flask_login/login_manager.py", line 429, in _set_cookie
    data = encode_cookie(text_type(session['_user_id']))
  File "/home/arctickey/PycharmProjects/Blog/venv/lib/python3.6/site-packages/flask_login/utils.py", line 41, in encode_cookie
    return u'{0}|{1}'.format(payload, _cookie_digest(payload, key=key))
  File "/home/arctickey/PycharmProjects/Blog/venv/lib/python3.6/site-packages/flask_login/utils.py", line 352, in _cookie_digest
    key = _secret_key(key)
  File "/home/arctickey/PycharmProjects/Blog/venv/lib/python3.6/site-packages/flask_login/utils.py", line 387, in _secret_key
    key = key.encode('latin1')  # ensure bytes
UnicodeEncodeError: 'latin-1' codec can't encode character '\u0142' in position 4: ordinal not in range(256)
2020-02-24 23:04:32,653 INFO: Microblog startup [in /home/arctickey/PycharmProjects/Blog/app/__init__.py:56]
2020-02-24 23:04:44,248 ERROR: Exception on /login [POST] [in /home/arctickey/PycharmProjects/Blog/venv/lib/python3.6/site-packages/flask/app.py:1891]
Traceback (most recent call last):
  File "/home/arctickey/PycharmProjects/Blog/venv/lib/python3.6/site-packages/flask/app.py", line 2446, in wsgi_app
    response = self.full_dispatch_request()
  File "/home/arctickey/PycharmProjects/Blog/venv/lib/python3.6/site-packages/flask/app.py", line 1952, in full_dispatch_request
    return self.finalize_request(rv)
  File "/home/arctickey/PycharmProjects/Blog/venv/lib/python3.6/site-packages/flask/app.py", line 1969, in finalize_request
    response = self.process_response(response)
  File "/home/arctickey/PycharmProjects/Blog/venv/lib/python3.6/site-packages/flask/app.py", line 2266, in process_response
    response = handler(response)
  File "/home/arctickey/PycharmProjects/Blog/venv/lib/python3.6/site-packages/flask_login/login_manager.py", line 407, in _update_remember_cookie
    self._set_cookie(response)
  File "/home/arctickey/PycharmProjects/Blog/venv/lib/python3.6/site-packages/flask_login/login_manager.py", line 429, in _set_cookie
    data = encode_cookie(text_type(session['_user_id']))
  File "/home/arctickey/PycharmProjects/Blog/venv/lib/python3.6/site-packages/flask_login/utils.py", line 41, in encode_cookie
    return u'{0}|{1}'.format(payload, _cookie_digest(payload, key=key))
  File "/home/arctickey/PycharmProjects/Blog/venv/lib/python3.6/site-packages/flask_login/utils.py", line 352, in _cookie_digest
    key = _secret_key(key)
  File "/home/arctickey/PycharmProjects/Blog/venv/lib/python3.6/site-packages/flask_login/utils.py", line 387, in _secret_key
    key = key.encode('latin1')  # ensure bytes
UnicodeEncodeError: 'latin-1' codec can't encode character '\u0142' in position 4: ordinal not in range(256)
2020-02-24 23:06:38,051 INFO: Microblog startup [in /home/arctickey/PycharmProjects/Blog/app/__init__.py:56]
2020-02-24 23:07:27,643 INFO: Microblog startup [in /home/arctickey/PycharmProjects/Blog/app/__init__.py:56]
2020-02-24 23:16:46,508 INFO: Microblog startup [in /home/arctickey/PycharmProjects/Blog/app/__init__.py:56]
2020-02-24 23:17:00,822 INFO: Microblog startup [in /home/arctickey/PycharmProjects/Blog/app/__init__.py:56]
2020-02-24 23:19:08,616 INFO: Microblog startup [in /home/arctickey/PycharmProjects/Blog/app/__init__.py:56]
2020-02-24 23:22:23,327 INFO: Microblog startup [in /home/arctickey/PycharmProjects/Blog/app/__init__.py:56]
2020-02-24 23:24:23,238 INFO: Microblog startup [in /home/arctickey/PycharmProjects/Blog/app/__init__.py:56]
2020-02-24 23:25:38,763 INFO: Microblog startup [in /home/arctickey/PycharmProjects/Blog/app/__init__.py:56]
2020-02-24 23:26:57,240 INFO: Microblog startup [in /home/arctickey/PycharmProjects/Blog/app/__init__.py:56]
